<?xml version="1.0" encoding="UTF-8"?>
<!-- Generated by org.testng.reporters.JUnitReportReporter -->
<testsuite hostname="ZKFamily" failures="0" tests="1" name="tests.LoginTest" time="6.781" errors="0" timestamp="2025-04-23T18:12:36 PDT" skipped="0">
  <testcase classname="tests.LoginTest" name="loginValidEmailPassword" time="6.781"/>
</testsuite> <!-- tests.LoginTest -->
