<?xml version="1.0" encoding="UTF-8"?>
<!-- Generated by org.testng.reporters.JUnitReportReporter -->
<testsuite hostname="ZKFamily" failures="0" tests="1" name="tests.LoginTest" time="4.847" errors="0" timestamp="2025-04-30T18:05:07 PDT" skipped="0">
  <testcase classname="tests.LoginTest" name="loginValidEmailPassword" time="4.847"/>
</testsuite> <!-- tests.LoginTest -->
