<?xml version="1.0" encoding="UTF-8"?>
<!-- Generated by org.testng.reporters.JUnitReportReporter -->
<testsuite hostname="ZKFamily" failures="0" tests="1" name="LogInPage" time="5.559" errors="0" timestamp="2025-04-22T11:25:14 PDT" skipped="0">
  <testcase classname="LogInPage" name="loginPageTitle" time="5.559"/>
</testsuite> <!-- LogInPage -->
